<?xml version="1.0" encoding="UTF-8"?>
<!-- Generated by org.testng.reporters.JUnitReportReporter -->
<testsuite skipped="0" hostname="MacBook-Pro-de-AYLIN.local" name="com.olympics.TheMost" tests="1" failures="0" timestamp="03 Jul 2018 17:46:09 GMT" time="0.295" errors="0">
  <testcase name="indexofCountry" time="0.295" classname="com.olympics.TheMost"/>
</testsuite> <!-- com.olympics.TheMost -->
