<?xml version="1.0" encoding="UTF-8"?>
<!-- Generated by org.testng.reporters.JUnitReportReporter -->
<testsuite skipped="0" hostname="MacBook-Pro-de-AYLIN.local" name="com.olympics.MadelTable" tests="6" failures="0" timestamp="03 Jul 2018 18:51:13 GMT" time="3.221" errors="0">
  <testcase name="SortedByRank" time="0.269" classname="com.olympics.MadelTable"/>
  <testcase name="SortedByCountryNames" time="0.445" classname="com.olympics.MadelTable"/>
  <testcase name="TheMost" time="1.530" classname="com.olympics.MadelTable"/>
  <testcase name="CountryByMedal" time="0.623" classname="com.olympics.MadelTable"/>
  <testcase name="GetIndex" time="0.152" classname="com.olympics.MadelTable"/>
  <testcase name="GetSum" time="0.202" classname="com.olympics.MadelTable"/>
</testsuite> <!-- com.olympics.MadelTable -->
